<?xml version="1.0" encoding="UTF-8"?>
<!-- Generated by org.testng.reporters.JUnitReportReporter -->
<testsuite hostname="DESKTOP-NP3NG9B" failures="0" tests="1" name="multipletestscenario.Class2" time="0.013" errors="0" timestamp="2024-04-13T00:18:27 IST" skipped="0">
  <testcase classname="multipletestscenario.Class2" name="select" time="0.013"/>
  <system-out/>
</testsuite> <!-- multipletestscenario.Class2 -->
