<?xml version="1.0" encoding="UTF-8"?>
<!-- Generated by org.testng.reporters.JUnitReportReporter -->
<testsuite hostname="DESKTOP-NP3NG9B" failures="0" tests="2" name="learntestng.Before_After_Method" time="0.017" errors="0" timestamp="2024-04-13T00:37:44 IST" skipped="0">
  <testcase classname="learntestng.Before_After_Method" name="multiply" time="0.009"/>
  <system-out/>
  <testcase classname="learntestng.Before_After_Method" name="login" time="0.008"/>
  <system-out/>
</testsuite> <!-- learntestng.Before_After_Method -->
