<?xml version="1.0" encoding="UTF-8"?>
<!-- Generated by org.testng.reporters.JUnitReportReporter -->
<testsuite hostname="DESKTOP-NP3NG9B" failures="0" tests="1" name="learntestng.One" time="0.017" errors="0" timestamp="2024-04-13T00:11:51 IST" skipped="0">
  <testcase classname="learntestng.One" name="login" time="0.017"/>
  <system-out/>
</testsuite> <!-- learntestng.One -->
