<?xml version="1.0" encoding="UTF-8"?>
<!-- Generated by org.testng.reporters.JUnitReportReporter -->
<testsuite hostname="DESKTOP-NP3NG9B" failures="0" tests="1" name="learntestng.Testngmethods" time="0.014" errors="0" timestamp="2024-04-13T00:24:24 IST" skipped="0">
  <testcase classname="learntestng.Testngmethods" name="add2" time="0.014"/>
  <system-out/>
</testsuite> <!-- learntestng.Testngmethods -->
