<?xml version="1.0" encoding="UTF-8"?>
<!-- Generated by org.testng.reporters.JUnitReportReporter -->
<testsuite hostname="DESKTOP-NP3NG9B" failures="0" tests="2" name="learntestng.Two_Test" time="0.018" errors="0" timestamp="2024-04-13T00:30:19 IST" skipped="0">
  <testcase classname="learntestng.Two_Test" name="sub" time="0.002"/>
  <system-out/>
  <testcase classname="learntestng.Two_Test" name="add" time="0.016"/>
  <system-out/>
</testsuite> <!-- learntestng.Two_Test -->
